<?xml version="1.0" encoding="UTF-8"?>
<!-- Generated by org.testng.reporters.JUnitReportReporter -->
<testsuite skipped="0" hostname="Rohits-MacBook-Pro.local" name="com.test.rest.testCases.TC001_Get_Request" tests="6" failures="0" timestamp="23 May 2019 03:37:30 GMT" time="0.377" errors="0">
  <testcase name="validatePromotion" time="0.068" classname="com.test.rest.testCases.TC001_Get_Request"/>
  <testcase name="checkStatusCode" time="0.001" classname="com.test.rest.testCases.TC001_Get_Request"/>
  <testcase name="checkStatusLine" time="0.001" classname="com.test.rest.testCases.TC001_Get_Request"/>
  <testcase name="validateName" time="0.015" classname="com.test.rest.testCases.TC001_Get_Request"/>
  <testcase name="checkResponseBody" time="0.015" classname="com.test.rest.testCases.TC001_Get_Request"/>
  <testcase name="validateCanRelist" time="0.277" classname="com.test.rest.testCases.TC001_Get_Request"/>
</testsuite> <!-- com.test.rest.testCases.TC001_Get_Request -->
