<?xml version="1.0" encoding="UTF-8"?>
<!-- Generated by org.testng.reporters.JUnitReportReporter -->
<testsuite hostname="Rohits-MacBook-Pro.local" failures="0" tests="5" name="com.test.rest.SDET.TC001_Get_Request" time="0.292" errors="0" timestamp="22 May 2019 08:36:01 GMT" skipped="0">
  <testcase classname="com.test.rest.SDET.TC001_Get_Request" name="checkResponseBody" time="0.017"/>
  <testcase classname="com.test.rest.SDET.TC001_Get_Request" name="checkStatusCode" time="0.002"/>
  <testcase classname="com.test.rest.SDET.TC001_Get_Request" name="validateName" time="0.017"/>
  <testcase classname="com.test.rest.SDET.TC001_Get_Request" name="checkStatusLine" time="0.001"/>
  <testcase classname="com.test.rest.SDET.TC001_Get_Request" name="validateCanRelist" time="0.255"/>
</testsuite> <!-- com.test.rest.SDET.TC001_Get_Request -->
